# JRE version: Java(TM) SE Runtime Environment (8.0_121-b13) (build 1.8.0_121-b13)
# Java VM: Java HotSpot(TM) 64-Bit Server VM (25.121-b13 mixed mode windows-amd64 compressed oops)
Heap:
 PSYoungGen      total 218112K, used 116853K [0x00000000d5580000, 0x00000000e4380000, 0x0000000100000000)
  eden space 200704K, 58% used [0x00000000d5580000,0x00000000dc79d6f0,0x00000000e1980000)
  from space 17408K, 0% used [0x00000000e2b00000,0x00000000e2b00000,0x00000000e3c00000)
  to   space 17920K, 0% used [0x00000000e1980000,0x00000000e1980000,0x00000000e2b00000)
 ParOldGen       total 78336K, used 19972K [0x0000000080000000, 0x0000000084c80000, 0x00000000d5580000)
  object space 78336K, 25% used [0x0000000080000000,0x00000000813811e8,0x0000000084c80000)
 Metaspace       used 41449K, capacity 43260K, committed 43480K, reserved 1089536K
  class space    used 5715K, capacity 6054K, committed 6144K, reserved 1048576K
GC Heap History (10 events):
Event: 3.252 GC heap before
{Heap before GC invocations=6 (full 1):
 PSYoungGen      total 71680K, used 66560K [0x00000000d5580000, 0x00000000da080000, 0x0000000100000000)
  eden space 66560K, 100% used [0x00000000d5580000,0x00000000d9680000,0x00000000d9680000)
  from space 5120K, 0% used [0x00000000d9b80000,0x00000000d9b80000,0x00000000da080000)
  to   space 5120K, 0% used [0x00000000d9680000,0x00000000d9680000,0x00000000d9b80000)
 ParOldGen       total 49664K, used 6453K [0x0000000080000000, 0x0000000083080000, 0x00000000d5580000)
  object space 49664K, 12% used [0x0000000080000000,0x000000008064d758,0x0000000083080000)
 Metaspace       used 23756K, capacity 24688K, committed 24832K, reserved 1071104K
  class space    used 3274K, capacity 3511K, committed 3584K, reserved 1048576K
Event: 3.263 GC heap after
Heap after GC invocations=6 (full 1):
 PSYoungGen      total 71680K, used 5098K [0x00000000d5580000, 0x00000000dda80000, 0x0000000100000000)
  eden space 66560K, 0% used [0x00000000d5580000,0x00000000d5580000,0x00000000d9680000)
  from space 5120K, 99% used [0x00000000d9680000,0x00000000d9b7a918,0x00000000d9b80000)
  to   space 8704K, 0% used [0x00000000dd200000,0x00000000dd200000,0x00000000dda80000)
 ParOldGen       total 49664K, used 7816K [0x0000000080000000, 0x0000000083080000, 0x00000000d5580000)
  object space 49664K, 15% used [0x0000000080000000,0x00000000807a2048,0x0000000083080000)
 Metaspace       used 23756K, capacity 24688K, committed 24832K, reserved 1071104K
  class space    used 3274K, capacity 3511K, committed 3584K, reserved 1048576K
}
Event: 4.146 GC heap before
{Heap before GC invocations=7 (full 1):
 PSYoungGen      total 71680K, used 71658K [0x00000000d5580000, 0x00000000dda80000, 0x0000000100000000)
  eden space 66560K, 100% used [0x00000000d5580000,0x00000000d9680000,0x00000000d9680000)
  from space 5120K, 99% used [0x00000000d9680000,0x00000000d9b7a918,0x00000000d9b80000)
  to   space 8704K, 0% used [0x00000000dd200000,0x00000000dd200000,0x00000000dda80000)
 ParOldGen       total 49664K, used 7816K [0x0000000080000000, 0x0000000083080000, 0x00000000d5580000)
  object space 49664K, 15% used [0x0000000080000000,0x00000000807a2048,0x0000000083080000)
 Metaspace       used 28249K, capacity 29598K, committed 29824K, reserved 1075200K
  class space    used 3919K, capacity 4214K, committed 4224K, reserved 1048576K
Event: 4.167 GC heap after
Heap after GC invocations=7 (full 1):
 PSYoungGen      total 124416K, used 8696K [0x00000000d5580000, 0x00000000ddf00000, 0x0000000100000000)
  eden space 115712K, 0% used [0x00000000d5580000,0x00000000d5580000,0x00000000dc680000)
  from space 8704K, 99% used [0x00000000dd200000,0x00000000dda7e020,0x00000000dda80000)
  to   space 11776K, 0% used [0x00000000dc680000,0x00000000dc680000,0x00000000dd200000)
 ParOldGen       total 49664K, used 12063K [0x0000000080000000, 0x0000000083080000, 0x00000000d5580000)
  object space 49664K, 24% used [0x0000000080000000,0x0000000080bc7e70,0x0000000083080000)
 Metaspace       used 28249K, capacity 29598K, committed 29824K, reserved 1075200K
  class space    used 3919K, capacity 4214K, committed 4224K, reserved 1048576K
}
Event: 5.402 GC heap before
{Heap before GC invocations=8 (full 1):
 PSYoungGen      total 124416K, used 124408K [0x00000000d5580000, 0x00000000ddf00000, 0x0000000100000000)
  eden space 115712K, 100% used [0x00000000d5580000,0x00000000dc680000,0x00000000dc680000)
  from space 8704K, 99% used [0x00000000dd200000,0x00000000dda7e020,0x00000000dda80000)
  to   space 11776K, 0% used [0x00000000dc680000,0x00000000dc680000,0x00000000dd200000)
 ParOldGen       total 49664K, used 12063K [0x0000000080000000, 0x0000000083080000, 0x00000000d5580000)
  object space 49664K, 24% used [0x0000000080000000,0x0000000080bc7e70,0x0000000083080000)
 Metaspace       used 32780K, capacity 34360K, committed 34560K, reserved 1079296K
  class space    used 4480K, capacity 4775K, committed 4864K, reserved 1048576K
Event: 5.435 GC heap after
Heap after GC invocations=8 (full 1):
 PSYoungGen      total 127488K, used 11764K [0x00000000d5580000, 0x00000000e3c00000, 0x0000000100000000)
  eden space 115712K, 0% used [0x00000000d5580000,0x00000000d5580000,0x00000000dc680000)
  from space 11776K, 99% used [0x00000000dc680000,0x00000000dd1fd390,0x00000000dd200000)
  to   space 17408K, 0% used [0x00000000e2b00000,0x00000000e2b00000,0x00000000e3c00000)
 ParOldGen       total 49664K, used 20100K [0x0000000080000000, 0x0000000083080000, 0x00000000d5580000)
  object space 49664K, 40% used [0x0000000080000000,0x00000000813a11b0,0x0000000083080000)
 Metaspace       used 32780K, capacity 34360K, committed 34560K, reserved 1079296K
  class space    used 4480K, capacity 4775K, committed 4864K, reserved 1048576K
}
Event: 5.638 GC heap before
{Heap before GC invocations=9 (full 1):
 PSYoungGen      total 127488K, used 32723K [0x00000000d5580000, 0x00000000e3c00000, 0x0000000100000000)
  eden space 115712K, 18% used [0x00000000d5580000,0x00000000d69f7910,0x00000000dc680000)
  from space 11776K, 99% used [0x00000000dc680000,0x00000000dd1fd390,0x00000000dd200000)
  to   space 17408K, 0% used [0x00000000e2b00000,0x00000000e2b00000,0x00000000e3c00000)
 ParOldGen       total 49664K, used 20100K [0x0000000080000000, 0x0000000083080000, 0x00000000d5580000)
  object space 49664K, 40% used [0x0000000080000000,0x00000000813a11b0,0x0000000083080000)
 Metaspace       used 33669K, capacity 35302K, committed 35416K, reserved 1079296K
  class space    used 4616K, capacity 4932K, committed 4992K, reserved 1048576K
Event: 5.660 GC heap after
Heap after GC invocations=9 (full 1):
 PSYoungGen      total 218112K, used 13054K [0x00000000d5580000, 0x00000000e4380000, 0x0000000100000000)
  eden space 200704K, 0% used [0x00000000d5580000,0x00000000d5580000,0x00000000e1980000)
  from space 17408K, 74% used [0x00000000e2b00000,0x00000000e37bf880,0x00000000e3c00000)
  to   space 17920K, 0% used [0x00000000e1980000,0x00000000e1980000,0x00000000e2b00000)
 ParOldGen       total 49664K, used 20108K [0x0000000080000000, 0x0000000083080000, 0x00000000d5580000)
  object space 49664K, 40% used [0x0000000080000000,0x00000000813a31b0,0x0000000083080000)
 Metaspace       used 33669K, capacity 35302K, committed 35416K, reserved 1079296K
  class space    used 4616K, capacity 4932K, committed 4992K, reserved 1048576K
}
Event: 5.660 GC heap before
{Heap before GC invocations=10 (full 2):
 PSYoungGen      total 218112K, used 13054K [0x00000000d5580000, 0x00000000e4380000, 0x0000000100000000)
  eden space 200704K, 0% used [0x00000000d5580000,0x00000000d5580000,0x00000000e1980000)
  from space 17408K, 74% used [0x00000000e2b00000,0x00000000e37bf880,0x00000000e3c00000)
  to   space 17920K, 0% used [0x00000000e1980000,0x00000000e1980000,0x00000000e2b00000)
 ParOldGen       total 49664K, used 20108K [0x0000000080000000, 0x0000000083080000, 0x00000000d5580000)
  object space 49664K, 40% used [0x0000000080000000,0x00000000813a31b0,0x0000000083080000)
 Metaspace       used 33669K, capacity 35302K, committed 35416K, reserved 1079296K
  class space    used 4616K, capacity 4932K, committed 4992K, reserved 1048576K
Event: 5.752 GC heap after
Heap after GC invocations=10 (full 2):
 PSYoungGen      total 218112K, used 0K [0x00000000d5580000, 0x00000000e4380000, 0x0000000100000000)
  eden space 200704K, 0% used [0x00000000d5580000,0x00000000d5580000,0x00000000e1980000)
  from space 17408K, 0% used [0x00000000e2b00000,0x00000000e2b00000,0x00000000e3c00000)
  to   space 17920K, 0% used [0x00000000e1980000,0x00000000e1980000,0x00000000e2b00000)
 ParOldGen       total 78336K, used 19972K [0x0000000080000000, 0x0000000084c80000, 0x00000000d5580000)
  object space 78336K, 25% used [0x0000000080000000,0x00000000813811e8,0x0000000084c80000)
 Metaspace       used 33669K, capacity 35302K, committed 35416K, reserved 1079296K
  class space    used 4616K, capacity 4932K, committed 4992K, reserved 1048576K
}

